c:\users\simon\onedrive\documents\githublocal\gameengine\skeletal-animations\battlefr.a0426d0c\x64\debug\vc143.pdb
c:\users\simon\onedrive\documents\githublocal\gameengine\skeletal-animations\battlefr.a0426d0c\x64\debug\vc143.idb
c:\users\simon\onedrive\documents\githublocal\gameengine\skeletal-animations\battlefr.a0426d0c\x64\debug\texture.obj
c:\users\simon\onedrive\documents\githublocal\gameengine\skeletal-animations\battlefr.a0426d0c\x64\debug\technique.obj
c:\users\simon\onedrive\documents\githublocal\gameengine\skeletal-animations\battlefr.a0426d0c\x64\debug\mesh.obj
c:\users\simon\onedrive\documents\githublocal\gameengine\skeletal-animations\battlefr.a0426d0c\x64\debug\main.obj
c:\users\simon\onedrive\documents\githublocal\gameengine\skeletal-animations\battlefr.a0426d0c\x64\debug\lighting_technique.obj
c:\users\simon\onedrive\documents\githublocal\gameengine\skeletal-animations\battlefr.a0426d0c\x64\debug\game.obj
c:\users\simon\onedrive\documents\githublocal\gameengine\skeletal-animations\battlefr.a0426d0c\x64\debug\camera.obj
c:\users\simon\onedrive\documents\githublocal\gameengine\skeletal-animations\battlefr.a0426d0c\x64\debug\assimp_sandbox.obj
c:\users\simon\onedrive\documents\githublocal\gameengine\skeletal-animations\battlefr.a0426d0c\x64\debug\skinnedmesh.obj
c:\users\simon\onedrive\documents\githublocal\gameengine\skeletal-animations\x64\debug\battlefrontremake.exe
c:\users\simon\onedrive\documents\githublocal\gameengine\skeletal-animations\x64\debug\battlefrontremake.pdb
c:\users\simon\onedrive\documents\githublocal\gameengine\skeletal-animations\battlefr.a0426d0c\x64\debug\battlefrontremake.ilk
c:\users\simon\onedrive\documents\githublocal\gameengine\skeletal-animations\battlefr.a0426d0c\x64\debug\meshanimation.obj
c:\users\simon\onedrive\documents\githublocal\gameengine\skeletal-animations\battlefr.a0426d0c\x64\debug\meshskeleton.obj
c:\users\simon\onedrive\documents\githublocal\gameengine\skeletal-animations\battlefr.a0426d0c\x64\debug\battlefr.a0426d0c.tlog\cl.command.1.tlog
c:\users\simon\onedrive\documents\githublocal\gameengine\skeletal-animations\battlefr.a0426d0c\x64\debug\battlefr.a0426d0c.tlog\cl.items.tlog
c:\users\simon\onedrive\documents\githublocal\gameengine\skeletal-animations\battlefr.a0426d0c\x64\debug\battlefr.a0426d0c.tlog\cl.read.1.tlog
c:\users\simon\onedrive\documents\githublocal\gameengine\skeletal-animations\battlefr.a0426d0c\x64\debug\battlefr.a0426d0c.tlog\cl.write.1.tlog
c:\users\simon\onedrive\documents\githublocal\gameengine\skeletal-animations\battlefr.a0426d0c\x64\debug\battlefr.a0426d0c.tlog\link.command.1.tlog
c:\users\simon\onedrive\documents\githublocal\gameengine\skeletal-animations\battlefr.a0426d0c\x64\debug\battlefr.a0426d0c.tlog\link.read.1.tlog
c:\users\simon\onedrive\documents\githublocal\gameengine\skeletal-animations\battlefr.a0426d0c\x64\debug\battlefr.a0426d0c.tlog\link.secondary.1.tlog
c:\users\simon\onedrive\documents\githublocal\gameengine\skeletal-animations\battlefr.a0426d0c\x64\debug\battlefr.a0426d0c.tlog\link.write.1.tlog
