  camera.cpp
C:\Users\simon\OneDrive\Documents\GitHubLocal\GameEngine\Skeletal-animations\math.h(283,16): warning C4244: 'initializing': conversion from 'double' to 'float', possible loss of data
  (compiling source file 'camera.cpp')
  
C:\Users\simon\OneDrive\Documents\GitHubLocal\GameEngine\Skeletal-animations\math.h(297,16): warning C4244: 'initializing': conversion from 'double' to 'float', possible loss of data
  (compiling source file 'camera.cpp')
  
C:\Users\simon\OneDrive\Documents\GitHubLocal\GameEngine\Skeletal-animations\math.h(404,40): warning C4244: '=': conversion from 'double' to 'float', possible loss of data
  (compiling source file 'camera.cpp')
  
C:\Users\simon\OneDrive\Documents\GitHubLocal\GameEngine\Skeletal-animations\math.h(405,40): warning C4244: '=': conversion from 'double' to 'float', possible loss of data
  (compiling source file 'camera.cpp')
  
C:\Users\simon\OneDrive\Documents\GitHubLocal\GameEngine\Skeletal-animations\math.h(406,40): warning C4244: '=': conversion from 'double' to 'float', possible loss of data
  (compiling source file 'camera.cpp')
  
C:\Users\simon\OneDrive\Documents\GitHubLocal\GameEngine\Skeletal-animations\math.h(407,40): warning C4244: '=': conversion from 'double' to 'float', possible loss of data
  (compiling source file 'camera.cpp')
  
C:\Users\simon\OneDrive\Documents\GitHubLocal\GameEngine\Skeletal-animations\camera.cpp(70,84): warning C4244: 'argument': conversion from 'float' to 'int', possible loss of data
C:\Users\simon\OneDrive\Documents\GitHubLocal\GameEngine\Skeletal-animations\camera.cpp(70,48): warning C4244: 'argument': conversion from 'float' to 'int', possible loss of data
  game.cpp
C:\Users\simon\OneDrive\Documents\GitHubLocal\GameEngine\Skeletal-animations\math.h(283,16): warning C4244: 'initializing': conversion from 'double' to 'float', possible loss of data
  (compiling source file 'game.cpp')
  
C:\Users\simon\OneDrive\Documents\GitHubLocal\GameEngine\Skeletal-animations\math.h(297,16): warning C4244: 'initializing': conversion from 'double' to 'float', possible loss of data
  (compiling source file 'game.cpp')
  
C:\Users\simon\OneDrive\Documents\GitHubLocal\GameEngine\Skeletal-animations\math.h(404,40): warning C4244: '=': conversion from 'double' to 'float', possible loss of data
  (compiling source file 'game.cpp')
  
C:\Users\simon\OneDrive\Documents\GitHubLocal\GameEngine\Skeletal-animations\math.h(405,40): warning C4244: '=': conversion from 'double' to 'float', possible loss of data
  (compiling source file 'game.cpp')
  
C:\Users\simon\OneDrive\Documents\GitHubLocal\GameEngine\Skeletal-animations\math.h(406,40): warning C4244: '=': conversion from 'double' to 'float', possible loss of data
  (compiling source file 'game.cpp')
  
C:\Users\simon\OneDrive\Documents\GitHubLocal\GameEngine\Skeletal-animations\math.h(407,40): warning C4244: '=': conversion from 'double' to 'float', possible loss of data
  (compiling source file 'game.cpp')
  
C:\Users\simon\OneDrive\Documents\GitHubLocal\GameEngine\Skeletal-animations\mesh.h(15,9): warning C4005: 'ASSIMP_LOAD_FLAGS': macro redefinition
  (compiling source file 'game.cpp')
      C:\Users\simon\OneDrive\Documents\GitHubLocal\GameEngine\Skeletal-animations\skinnedMesh.h(14,9):
      see previous definition of 'ASSIMP_LOAD_FLAGS'
  
  lighting_technique.cpp
C:\Users\simon\OneDrive\Documents\GitHubLocal\GameEngine\Skeletal-animations\math.h(283,16): warning C4244: 'initializing': conversion from 'double' to 'float', possible loss of data
  (compiling source file 'lighting_technique.cpp')
  
C:\Users\simon\OneDrive\Documents\GitHubLocal\GameEngine\Skeletal-animations\math.h(297,16): warning C4244: 'initializing': conversion from 'double' to 'float', possible loss of data
  (compiling source file 'lighting_technique.cpp')
  
C:\Users\simon\OneDrive\Documents\GitHubLocal\GameEngine\Skeletal-animations\math.h(404,40): warning C4244: '=': conversion from 'double' to 'float', possible loss of data
  (compiling source file 'lighting_technique.cpp')
  
C:\Users\simon\OneDrive\Documents\GitHubLocal\GameEngine\Skeletal-animations\math.h(405,40): warning C4244: '=': conversion from 'double' to 'float', possible loss of data
  (compiling source file 'lighting_technique.cpp')
  
C:\Users\simon\OneDrive\Documents\GitHubLocal\GameEngine\Skeletal-animations\math.h(406,40): warning C4244: '=': conversion from 'double' to 'float', possible loss of data
  (compiling source file 'lighting_technique.cpp')
  
C:\Users\simon\OneDrive\Documents\GitHubLocal\GameEngine\Skeletal-animations\math.h(407,40): warning C4244: '=': conversion from 'double' to 'float', possible loss of data
  (compiling source file 'lighting_technique.cpp')
  
  main.cpp
C:\Users\simon\OneDrive\Documents\GitHubLocal\GameEngine\Skeletal-animations\math.h(283,16): warning C4244: 'initializing': conversion from 'double' to 'float', possible loss of data
  (compiling source file 'main.cpp')
  
C:\Users\simon\OneDrive\Documents\GitHubLocal\GameEngine\Skeletal-animations\math.h(297,16): warning C4244: 'initializing': conversion from 'double' to 'float', possible loss of data
  (compiling source file 'main.cpp')
  
C:\Users\simon\OneDrive\Documents\GitHubLocal\GameEngine\Skeletal-animations\math.h(404,40): warning C4244: '=': conversion from 'double' to 'float', possible loss of data
  (compiling source file 'main.cpp')
  
C:\Users\simon\OneDrive\Documents\GitHubLocal\GameEngine\Skeletal-animations\math.h(405,40): warning C4244: '=': conversion from 'double' to 'float', possible loss of data
  (compiling source file 'main.cpp')
  
C:\Users\simon\OneDrive\Documents\GitHubLocal\GameEngine\Skeletal-animations\math.h(406,40): warning C4244: '=': conversion from 'double' to 'float', possible loss of data
  (compiling source file 'main.cpp')
  
C:\Users\simon\OneDrive\Documents\GitHubLocal\GameEngine\Skeletal-animations\math.h(407,40): warning C4244: '=': conversion from 'double' to 'float', possible loss of data
  (compiling source file 'main.cpp')
  
  mesh.cpp
C:\Users\simon\OneDrive\Documents\GitHubLocal\GameEngine\Skeletal-animations\math.h(283,16): warning C4244: 'initializing': conversion from 'double' to 'float', possible loss of data
  (compiling source file 'mesh.cpp')
  
C:\Users\simon\OneDrive\Documents\GitHubLocal\GameEngine\Skeletal-animations\math.h(297,16): warning C4244: 'initializing': conversion from 'double' to 'float', possible loss of data
  (compiling source file 'mesh.cpp')
  
C:\Users\simon\OneDrive\Documents\GitHubLocal\GameEngine\Skeletal-animations\math.h(404,40): warning C4244: '=': conversion from 'double' to 'float', possible loss of data
  (compiling source file 'mesh.cpp')
  
C:\Users\simon\OneDrive\Documents\GitHubLocal\GameEngine\Skeletal-animations\math.h(405,40): warning C4244: '=': conversion from 'double' to 'float', possible loss of data
  (compiling source file 'mesh.cpp')
  
C:\Users\simon\OneDrive\Documents\GitHubLocal\GameEngine\Skeletal-animations\math.h(406,40): warning C4244: '=': conversion from 'double' to 'float', possible loss of data
  (compiling source file 'mesh.cpp')
  
C:\Users\simon\OneDrive\Documents\GitHubLocal\GameEngine\Skeletal-animations\math.h(407,40): warning C4244: '=': conversion from 'double' to 'float', possible loss of data
  (compiling source file 'mesh.cpp')
  
  skinnedMesh.cpp
C:\Users\simon\OneDrive\Documents\GitHubLocal\GameEngine\Skeletal-animations\math.h(283,16): warning C4244: 'initializing': conversion from 'double' to 'float', possible loss of data
  (compiling source file 'skinnedMesh.cpp')
  
C:\Users\simon\OneDrive\Documents\GitHubLocal\GameEngine\Skeletal-animations\math.h(297,16): warning C4244: 'initializing': conversion from 'double' to 'float', possible loss of data
  (compiling source file 'skinnedMesh.cpp')
  
C:\Users\simon\OneDrive\Documents\GitHubLocal\GameEngine\Skeletal-animations\math.h(404,40): warning C4244: '=': conversion from 'double' to 'float', possible loss of data
  (compiling source file 'skinnedMesh.cpp')
  
C:\Users\simon\OneDrive\Documents\GitHubLocal\GameEngine\Skeletal-animations\math.h(405,40): warning C4244: '=': conversion from 'double' to 'float', possible loss of data
  (compiling source file 'skinnedMesh.cpp')
  
C:\Users\simon\OneDrive\Documents\GitHubLocal\GameEngine\Skeletal-animations\math.h(406,40): warning C4244: '=': conversion from 'double' to 'float', possible loss of data
  (compiling source file 'skinnedMesh.cpp')
  
C:\Users\simon\OneDrive\Documents\GitHubLocal\GameEngine\Skeletal-animations\math.h(407,40): warning C4244: '=': conversion from 'double' to 'float', possible loss of data
  (compiling source file 'skinnedMesh.cpp')
  
C:\Users\simon\OneDrive\Documents\GitHubLocal\GameEngine\Skeletal-animations\skinnedMesh.cpp(12,37): warning C4267: '=': conversion from 'size_t' to 'int', possible loss of data
C:\Users\simon\OneDrive\Documents\GitHubLocal\GameEngine\Skeletal-animations\skinnedMesh.cpp(32,20): warning C4018: '<': signed/unsigned mismatch
C:\Users\simon\OneDrive\Documents\GitHubLocal\GameEngine\Skeletal-animations\skinnedMesh.cpp(46,20): warning C4018: '<': signed/unsigned mismatch
C:\Users\simon\OneDrive\Documents\GitHubLocal\GameEngine\Skeletal-animations\skinnedMesh.cpp(217,10): warning C4477: 'printf' : format string '%s' requires an argument of type 'char *', but variadic argument 1 has type 'const std::string'
C:\Users\simon\OneDrive\Documents\GitHubLocal\GameEngine\Skeletal-animations\skinnedMesh.cpp(386,9): warning C4778: 'printf' : unterminated format string '%z\n'
C:\Users\simon\OneDrive\Documents\GitHubLocal\GameEngine\Skeletal-animations\skinnedMesh.cpp(386,38): warning C4474: 'printf' : too many arguments passed for format string
      C:\Users\simon\OneDrive\Documents\GitHubLocal\GameEngine\Skeletal-animations\skinnedMesh.cpp(386,38):
      placeholders and their parameters expect 0 variadic arguments, but 1 were provided
  
  texture.cpp
C:\Users\simon\OneDrive\Documents\GitHubLocal\GameEngine\Skeletal-animations\math.h(283,16): warning C4244: 'initializing': conversion from 'double' to 'float', possible loss of data
  (compiling source file 'texture.cpp')
  
C:\Users\simon\OneDrive\Documents\GitHubLocal\GameEngine\Skeletal-animations\math.h(297,16): warning C4244: 'initializing': conversion from 'double' to 'float', possible loss of data
  (compiling source file 'texture.cpp')
  
C:\Users\simon\OneDrive\Documents\GitHubLocal\GameEngine\Skeletal-animations\math.h(404,40): warning C4244: '=': conversion from 'double' to 'float', possible loss of data
  (compiling source file 'texture.cpp')
  
C:\Users\simon\OneDrive\Documents\GitHubLocal\GameEngine\Skeletal-animations\math.h(405,40): warning C4244: '=': conversion from 'double' to 'float', possible loss of data
  (compiling source file 'texture.cpp')
  
C:\Users\simon\OneDrive\Documents\GitHubLocal\GameEngine\Skeletal-animations\math.h(406,40): warning C4244: '=': conversion from 'double' to 'float', possible loss of data
  (compiling source file 'texture.cpp')
  
C:\Users\simon\OneDrive\Documents\GitHubLocal\GameEngine\Skeletal-animations\math.h(407,40): warning C4244: '=': conversion from 'double' to 'float', possible loss of data
  (compiling source file 'texture.cpp')
  
  Generating Code...
C:\Users\simon\OneDrive\Documents\GitHubLocal\GameEngine\Skeletal-animations\math.h(322,1): warning C4172: returning address of local variable or temporary : out
C:\Users\simon\OneDrive\Documents\GitHubLocal\GameEngine\Skeletal-animations\math.h(467,1): warning C4172: returning address of local variable or temporary : out
  BattlefrontRemake.vcxproj -> C:\Users\simon\OneDrive\Documents\GitHubLocal\GameEngine\Skeletal-animations\x64\Debug\BattlefrontRemake.exe
